{"message":"Server is running on port 3000","level":"info","timestamp":"2021-08-16T12:39:41.812Z"}
{"message":"Server is running on port 3000","level":"info","timestamp":"2021-08-16T12:46:22.967Z"}
{"message":"Successfully connected to the database","level":"info","timestamp":"2021-08-16T12:46:23.011Z"}
{"message":"Server is running on port 3000","level":"info","timestamp":"2021-08-16T13:14:25.418Z"}
{"message":"Successfully connected to the database","level":"info","timestamp":"2021-08-16T13:14:25.464Z"}
{"message":"Server is running on port 3000","level":"info","timestamp":"2021-08-16T13:14:41.775Z"}
{"message":"Successfully connected to the database","level":"info","timestamp":"2021-08-16T13:14:41.813Z"}
{"level":"info","message":"logged in successfully","timestamp":"2021-08-16T13:15:30.000Z"}
{"level":"info","message":"user logged in successfully","timestamp":"2021-08-16T13:15:30.014Z"}
{"$__":{"strictMode":true,"inserting":true,"getters":{},"_id":"611a64f9b3fee14ecc9a2b08","wasPopulated":false,"activePaths":{"paths":{"password":"require","email":"require","lastName":"require","firstName":"require"},"states":{"ignore":{},"default":{},"init":{},"modify":{},"require":{"password":true,"email":true,"lastName":true,"firstName":true}},"stateNames":["require","modify","init","default","ignore"]},"pathsToScopes":{},"cachedRequired":{},"session":null,"$setCalled":{},"emitter":{"_events":{},"_eventsCount":0,"_maxListeners":0},"$options":{"defaults":true},"validating":null,"backup":{"activePaths":{"modify":{"firstName":true,"lastName":true,"email":true,"createdAt":true,"updatedAt":true,"password":true},"default":{"_id":true}}},"savedState":{}},"isNew":false,"$locals":{},"$op":null,"_doc":{"_id":"611a64f9b3fee14ecc9a2b08","firstName":"Poja","lastName":"Chaudhari","email":"pojacudhari@gmail.com","password":"$2b$10$xx3aflo8gJdIEnEXri.rkutDeFRu3Q8G2qpHJerWHBtxmr9ZN.0Ky","createdAt":"2021-08-16T13:15:37.712Z","updatedAt":"2021-08-16T13:15:37.712Z","__v":0},"level":"info","message":"User registered successfully!","timestamp":"2021-08-16T13:15:37.875Z"}
{"$__":{"strictMode":true,"inserting":true,"getters":{},"_id":"611a64f9b3fee14ecc9a2b08","wasPopulated":false,"activePaths":{"paths":{"password":"require","email":"require","lastName":"require","firstName":"require"},"states":{"ignore":{},"default":{},"init":{},"modify":{},"require":{"password":true,"email":true,"lastName":true,"firstName":true}},"stateNames":["require","modify","init","default","ignore"]},"pathsToScopes":{},"cachedRequired":{},"session":null,"$setCalled":{},"emitter":{"_events":{},"_eventsCount":0,"_maxListeners":0},"$options":{"defaults":true},"validating":null,"backup":{"activePaths":{"modify":{"firstName":true,"lastName":true,"email":true,"createdAt":true,"updatedAt":true,"password":true},"default":{"_id":true}}},"savedState":{}},"isNew":false,"$locals":{},"$op":null,"_doc":{"_id":"611a64f9b3fee14ecc9a2b08","firstName":"Poja","lastName":"Chaudhari","email":"pojacudhari@gmail.com","password":"$2b$10$xx3aflo8gJdIEnEXri.rkutDeFRu3Q8G2qpHJerWHBtxmr9ZN.0Ky","createdAt":"2021-08-16T13:15:37.712Z","updatedAt":"2021-08-16T13:15:37.712Z","__v":0},"level":"info","message":"User created successfully","timestamp":"2021-08-16T13:15:37.876Z"}
{"message":"Server is running on port 3000","level":"info","timestamp":"2021-08-16T13:17:10.246Z"}
{"message":"Successfully connected to the database","level":"info","timestamp":"2021-08-16T13:17:10.381Z"}
{"$__":{"strictMode":true,"selected":{},"getters":{},"_id":"6119e95825ed9045c4117380","wasPopulated":false,"activePaths":{"paths":{"password":"init","email":"init","lastName":"init","firstName":"init","_id":"init","createdAt":"init","updatedAt":"init","__v":"init"},"states":{"ignore":{},"default":{},"init":{"_id":true,"firstName":true,"lastName":true,"email":true,"password":true,"createdAt":true,"updatedAt":true,"__v":true},"modify":{},"require":{}},"stateNames":["require","modify","init","default","ignore"]},"pathsToScopes":{},"cachedRequired":{},"session":null,"$setCalled":{},"emitter":{"_events":{},"_eventsCount":0,"_maxListeners":0},"$options":{"skipId":true,"isNew":false,"willInit":true,"defaults":true}},"isNew":false,"$locals":{},"$op":null,"_doc":{"_id":"6119e95825ed9045c4117380","firstName":"Prarthana","lastName":"Chaudhari","email":"prarthanachaudhari@gmail.com","password":"$2b$10$z.YMOOSwF1ESDv0UnLM4uee2y8qeka1M9dKUjMIQLCgrSDSa3w4o2","createdAt":"2021-08-16T04:28:08.746Z","updatedAt":"2021-08-16T04:28:08.746Z","__v":0},"$init":true,"level":"error","message":"User already exist","timestamp":"2021-08-16T13:17:10.536Z"}
{"level":"error","message":"Error while creating new user User already exist","stack":"Error: User already exist\n    at UserModel.registerUser (D:\\Mern\\Fundoo-Notes\\app\\models\\user.js:72:23)\n    at processTicksAndRejections (internal/process/task_queues.js:95:5)","timestamp":"2021-08-16T13:17:10.538Z"}
{"message":"Error while creating user","level":"error","timestamp":"2021-08-16T13:17:10.538Z"}
{"level":"info","message":"logged in successfully","timestamp":"2021-08-16T13:17:10.878Z"}
{"level":"info","message":"user logged in successfully","timestamp":"2021-08-16T13:17:10.884Z"}
{"level":"info","message":"Invalid Credentials","timestamp":"2021-08-16T13:17:10.910Z"}
{"level":"error","message":"Error while trying to login the user","timestamp":"2021-08-16T13:17:10.910Z"}
{"level":"error","message":"Error while trying to login the user","timestamp":"2021-08-16T13:17:10.911Z"}
{"message":"Error while trying to login the user","level":"error","timestamp":"2021-08-16T13:17:10.928Z"}
{"message":"Error while trying to login the user","level":"error","timestamp":"2021-08-16T13:17:10.957Z"}
{"level":"error","message":"Please enter correct password","timestamp":"2021-08-16T13:17:11.126Z"}
{"level":"error","message":"Error while trying to login the user Password does not match","stack":"Error: Password does not match\n    at D:\\Mern\\Fundoo-Notes\\app\\service\\user.js:37:22","timestamp":"2021-08-16T13:17:11.126Z"}
{"$__":{"strictMode":true,"selected":{},"getters":{},"_id":"611a64f9b3fee14ecc9a2b08","wasPopulated":false,"activePaths":{"paths":{"password":"init","email":"init","lastName":"init","firstName":"init","_id":"init","createdAt":"init","updatedAt":"init","__v":"init"},"states":{"ignore":{},"default":{},"init":{"_id":true,"firstName":true,"lastName":true,"email":true,"password":true,"createdAt":true,"updatedAt":true,"__v":true},"modify":{},"require":{}},"stateNames":["require","modify","init","default","ignore"]},"pathsToScopes":{},"cachedRequired":{},"session":null,"$setCalled":{},"emitter":{"_events":{},"_eventsCount":0,"_maxListeners":0},"$options":{"skipId":true,"isNew":false,"willInit":true,"defaults":true}},"isNew":false,"$locals":{},"$op":null,"_doc":{"_id":"611a64f9b3fee14ecc9a2b08","firstName":"Poja","lastName":"Chaudhari","email":"pojacudhari@gmail.com","password":"$2b$10$xx3aflo8gJdIEnEXri.rkutDeFRu3Q8G2qpHJerWHBtxmr9ZN.0Ky","createdAt":"2021-08-16T13:15:37.712Z","updatedAt":"2021-08-16T13:15:37.712Z","__v":0},"$init":true,"level":"error","message":"User already exist","timestamp":"2021-08-16T13:17:12.128Z"}
{"level":"error","message":"Error while creating new user User already exist","stack":"Error: User already exist\n    at UserModel.registerUser (D:\\Mern\\Fundoo-Notes\\app\\models\\user.js:72:23)\n    at processTicksAndRejections (internal/process/task_queues.js:95:5)","timestamp":"2021-08-16T13:17:12.129Z"}
{"message":"Error while creating user","level":"error","timestamp":"2021-08-16T13:17:12.129Z"}
{"level":"error","message":"Please enter correct password","timestamp":"2021-08-16T13:18:06.734Z"}
{"level":"error","message":"Error while trying to login the user Password does not match","stack":"Error: Password does not match\n    at D:\\Mern\\Fundoo-Notes\\app\\service\\user.js:37:22","timestamp":"2021-08-16T13:18:06.735Z"}
{"level":"info","message":"logged in successfully","timestamp":"2021-08-16T13:18:30.686Z"}
{"level":"info","message":"user logged in successfully","timestamp":"2021-08-16T13:18:30.688Z"}
{"message":"Server is running on port 3000","level":"info","timestamp":"2021-08-16T13:35:55.734Z"}
{"message":"Successfully connected to the database","level":"info","timestamp":"2021-08-16T13:35:55.794Z"}
{"message":"Server is running on port 3000","level":"info","timestamp":"2021-08-16T13:36:34.383Z"}
{"message":"Successfully connected to the database","level":"info","timestamp":"2021-08-16T13:36:34.415Z"}
{"message":"Successfully connected to the database","level":"info","timestamp":"2021-08-16T13:39:28.889Z"}
